# JRE version: Java(TM) SE Runtime Environment (8.0_66-b18) (build 1.8.0_66-b18)
# Java VM: Java HotSpot(TM) 64-Bit Server VM (25.66-b18 mixed mode windows-amd64 compressed oops)
Heap:
 PSYoungGen      total 1133568K, used 843303K [0x000000076ab00000, 0x00000007c0000000, 0x00000007c0000000)
  eden space 980992K, 70% used [0x000000076ab00000,0x0000000794d8b428,0x00000007a6900000)
  from space 152576K, 99% used [0x00000007b6b00000,0x00000007bfffe998,0x00000007c0000000)
  to   space 208384K, 0% used [0x00000007a6900000,0x00000007a6900000,0x00000007b3480000)
 ParOldGen       total 2796544K, used 1225489K [0x00000006c0000000, 0x000000076ab00000, 0x000000076ab00000)
  object space 2796544K, 43% used [0x00000006c0000000,0x000000070acc4588,0x000000076ab00000)
 Metaspace       used 171769K, capacity 172541K, committed 174144K, reserved 1196032K
  class space    used 27191K, capacity 27406K, committed 27456K, reserved 1048576K
GC Heap History (10 events):
Event: 200.994 GC heap before
{Heap before GC invocations=51 (full 5):
 PSYoungGen      total 1200128K, used 1089257K [0x000000076ab00000, 0x00000007bfa80000, 0x00000007c0000000)
  eden space 1033216K, 100% used [0x000000076ab00000,0x00000007a9c00000,0x00000007a9c00000)
  from space 166912K, 33% used [0x00000007a9c00000,0x00000007ad2ba510,0x00000007b3f00000)
  to   space 158208K, 0% used [0x00000007b6000000,0x00000007b6000000,0x00000007bfa80000)
 ParOldGen       total 2796544K, used 1163381K [0x00000006c0000000, 0x000000076ab00000, 0x000000076ab00000)
  object space 2796544K, 41% used [0x00000006c0000000,0x000000070701d4a8,0x000000076ab00000)
 Metaspace       used 167551K, capacity 168283K, committed 169792K, reserved 1191936K
  class space    used 26649K, capacity 26851K, committed 26944K, reserved 1048576K
Event: 201.030 GC heap after
Heap after GC invocations=51 (full 5):
 PSYoungGen      total 1212416K, used 56771K [0x000000076ab00000, 0x00000007be880000, 0x00000007c0000000)
  eden space 1072640K, 0% used [0x000000076ab00000,0x000000076ab00000,0x00000007ac280000)
  from space 139776K, 40% used [0x00000007b6000000,0x00000007b9770c80,0x00000007be880000)
  to   space 150528K, 0% used [0x00000007ac280000,0x00000007ac280000,0x00000007b5580000)
 ParOldGen       total 2796544K, used 1163381K [0x00000006c0000000, 0x000000076ab00000, 0x000000076ab00000)
  object space 2796544K, 41% used [0x00000006c0000000,0x000000070701d4a8,0x000000076ab00000)
 Metaspace       used 167551K, capacity 168283K, committed 169792K, reserved 1191936K
  class space    used 26649K, capacity 26851K, committed 26944K, reserved 1048576K
}
Event: 202.566 GC heap before
{Heap before GC invocations=52 (full 5):
 PSYoungGen      total 1212416K, used 1129411K [0x000000076ab00000, 0x00000007be880000, 0x00000007c0000000)
  eden space 1072640K, 100% used [0x000000076ab00000,0x00000007ac280000,0x00000007ac280000)
  from space 139776K, 40% used [0x00000007b6000000,0x00000007b9770c80,0x00000007be880000)
  to   space 150528K, 0% used [0x00000007ac280000,0x00000007ac280000,0x00000007b5580000)
 ParOldGen       total 2796544K, used 1163381K [0x00000006c0000000, 0x000000076ab00000, 0x000000076ab00000)
  object space 2796544K, 41% used [0x00000006c0000000,0x000000070701d4a8,0x000000076ab00000)
 Metaspace       used 167551K, capacity 168283K, committed 169792K, reserved 1191936K
  class space    used 26649K, capacity 26851K, committed 26944K, reserved 1048576K
Event: 202.596 GC heap after
Heap after GC invocations=52 (full 5):
 PSYoungGen      total 1223168K, used 57042K [0x000000076ab00000, 0x00000007bfb80000, 0x00000007c0000000)
  eden space 1072640K, 0% used [0x000000076ab00000,0x000000076ab00000,0x00000007ac280000)
  from space 150528K, 37% used [0x00000007ac280000,0x00000007afa34a50,0x00000007b5580000)
  to   space 142848K, 0% used [0x00000007b7000000,0x00000007b7000000,0x00000007bfb80000)
 ParOldGen       total 2796544K, used 1163381K [0x00000006c0000000, 0x000000076ab00000, 0x000000076ab00000)
  object space 2796544K, 41% used [0x00000006c0000000,0x000000070701d4a8,0x000000076ab00000)
 Metaspace       used 167551K, capacity 168283K, committed 169792K, reserved 1191936K
  class space    used 26649K, capacity 26851K, committed 26944K, reserved 1048576K
}
Event: 208.763 GC heap before
{Heap before GC invocations=53 (full 5):
 PSYoungGen      total 1223168K, used 1129682K [0x000000076ab00000, 0x00000007bfb80000, 0x00000007c0000000)
  eden space 1072640K, 100% used [0x000000076ab00000,0x00000007ac280000,0x00000007ac280000)
  from space 150528K, 37% used [0x00000007ac280000,0x00000007afa34a50,0x00000007b5580000)
  to   space 142848K, 0% used [0x00000007b7000000,0x00000007b7000000,0x00000007bfb80000)
 ParOldGen       total 2796544K, used 1163381K [0x00000006c0000000, 0x000000076ab00000, 0x000000076ab00000)
  object space 2796544K, 41% used [0x00000006c0000000,0x000000070701d4a8,0x000000076ab00000)
 Metaspace       used 171009K, capacity 171685K, committed 173120K, reserved 1196032K
  class space    used 27141K, capacity 27338K, committed 27456K, reserved 1048576K
Event: 208.814 GC heap after
Heap after GC invocations=53 (full 5):
 PSYoungGen      total 1247232K, used 92207K [0x000000076ab00000, 0x00000007bfe80000, 0x00000007c0000000)
  eden space 1104384K, 0% used [0x000000076ab00000,0x000000076ab00000,0x00000007ae180000)
  from space 142848K, 64% used [0x00000007b7000000,0x00000007bca0bdd8,0x00000007bfb80000)
  to   space 145920K, 0% used [0x00000007ae180000,0x00000007ae180000,0x00000007b7000000)
 ParOldGen       total 2796544K, used 1163389K [0x00000006c0000000, 0x000000076ab00000, 0x000000076ab00000)
  object space 2796544K, 41% used [0x00000006c0000000,0x000000070701f4a8,0x000000076ab00000)
 Metaspace       used 171009K, capacity 171685K, committed 173120K, reserved 1196032K
  class space    used 27141K, capacity 27338K, committed 27456K, reserved 1048576K
}
Event: 215.910 GC heap before
{Heap before GC invocations=54 (full 5):
 PSYoungGen      total 1247232K, used 1196591K [0x000000076ab00000, 0x00000007bfe80000, 0x00000007c0000000)
  eden space 1104384K, 100% used [0x000000076ab00000,0x00000007ae180000,0x00000007ae180000)
  from space 142848K, 64% used [0x00000007b7000000,0x00000007bca0bdd8,0x00000007bfb80000)
  to   space 145920K, 0% used [0x00000007ae180000,0x00000007ae180000,0x00000007b7000000)
 ParOldGen       total 2796544K, used 1163389K [0x00000006c0000000, 0x000000076ab00000, 0x000000076ab00000)
  object space 2796544K, 41% used [0x00000006c0000000,0x000000070701f4a8,0x000000076ab00000)
 Metaspace       used 171347K, capacity 172113K, committed 173632K, reserved 1196032K
  class space    used 27161K, capacity 27372K, committed 27456K, reserved 1048576K
Event: 215.987 GC heap after
Heap after GC invocations=54 (full 5):
 PSYoungGen      total 1245184K, used 140732K [0x000000076ab00000, 0x00000007c0000000, 0x00000007c0000000)
  eden space 1104384K, 0% used [0x000000076ab00000,0x000000076ab00000,0x00000007ae180000)
  from space 140800K, 99% used [0x00000007ae180000,0x00000007b6aef0c0,0x00000007b6b00000)
  to   space 152576K, 0% used [0x00000007b6b00000,0x00000007b6b00000,0x00000007c0000000)
 ParOldGen       total 2796544K, used 1163397K [0x00000006c0000000, 0x000000076ab00000, 0x000000076ab00000)
  object space 2796544K, 41% used [0x00000006c0000000,0x00000007070214a8,0x000000076ab00000)
 Metaspace       used 171347K, capacity 172113K, committed 173632K, reserved 1196032K
  class space    used 27161K, capacity 27372K, committed 27456K, reserved 1048576K
}
Event: 258.043 GC heap before
{Heap before GC invocations=55 (full 5):
 PSYoungGen      total 1245184K, used 1245116K [0x000000076ab00000, 0x00000007c0000000, 0x00000007c0000000)
  eden space 1104384K, 100% used [0x000000076ab00000,0x00000007ae180000,0x00000007ae180000)
  from space 140800K, 99% used [0x00000007ae180000,0x00000007b6aef0c0,0x00000007b6b00000)
  to   space 152576K, 0% used [0x00000007b6b00000,0x00000007b6b00000,0x00000007c0000000)
 ParOldGen       total 2796544K, used 1163397K [0x00000006c0000000, 0x000000076ab00000, 0x000000076ab00000)
  object space 2796544K, 41% used [0x00000006c0000000,0x00000007070214a8,0x000000076ab00000)
 Metaspace       used 171578K, capacity 172247K, committed 173888K, reserved 1196032K
  class space    used 27182K, capacity 27373K, committed 27456K, reserved 1048576K
Event: 258.151 GC heap after
Heap after GC invocations=55 (full 5):
 PSYoungGen      total 1133568K, used 152570K [0x000000076ab00000, 0x00000007c0000000, 0x00000007c0000000)
  eden space 980992K, 0% used [0x000000076ab00000,0x000000076ab00000,0x00000007a6900000)
  from space 152576K, 99% used [0x00000007b6b00000,0x00000007bfffe998,0x00000007c0000000)
  to   space 208384K, 0% used [0x00000007a6900000,0x00000007a6900000,0x00000007b3480000)
 ParOldGen       total 2796544K, used 1225489K [0x00000006c0000000, 0x000000076ab00000, 0x000000076ab00000)
  object space 2796544K, 43% used [0x00000006c0000000,0x000000070acc4588,0x000000076ab00000)
 Metaspace       used 171578K, capacity 172247K, committed 173888K, reserved 1196032K
  class space    used 27182K, capacity 27373K, committed 27456K, reserved 1048576K
}

